2023-04-22 08:28:46.422 - DBeaver 23.0.2.202304091457 is starting
2023-04-22 08:28:46.422 - OS: Windows 11 10.0 (amd64)
2023-04-22 08:28:46.422 - Java version: 17.0.6 by Eclipse Adoptium (64bit)
2023-04-22 08:28:46.422 - Install path: 'C:\Users\ehdwn\Downloads\dbeaver-ce-23.0.2-win32.win32.x86_64\dbeaver'
2023-04-22 08:28:46.422 - Instance path: 'file:/C:/DJ/db/'
2023-04-22 08:28:46.422 - Memory available 64Mb/1024Mb
2023-04-22 08:28:46.437 - Create display
> Start Eclipse IDE UI [org.eclipse.ui.ide 3.20.0.v20221027-2208]
2023-04-22 08:28:46.578 - Initializing DBeaver 23.0.2
2023-04-22 08:28:46.578 - Host plugin: org.jkiss.dbeaver.ui.app.standalone 23.0.2.202304091457
2023-04-22 08:28:46.578 - Initialize desktop platform...
2023-04-22 08:28:46.687 - BounceCastle bundle found. Use JCE provider BC
> Start Core File Systems [org.eclipse.core.filesystem 1.9.500.v20220817-1539]
> Start Core Resource Management [org.eclipse.core.resources 3.18.100.v20221025-2047]
> Start 팀 지원 핵심 [org.eclipse.team.core 3.9.600.v20220902-2219]
> Start DBeaver UI Navigator [org.jkiss.dbeaver.ui.navigator 1.0.103.202304091457]
2023-04-22 08:28:46.851 - 
2023-04-22 08:28:46.851 - 	Refreshing workspace.
2023-04-22 08:28:46.851 - Refreshing workspace contents
2023-04-22 08:28:46.937 - Initialize base platform...
> Start Expression Language [org.eclipse.core.expressions 3.8.200.v20220613-1047]
2023-04-22 08:28:46.952 - Platform initialized (374ms)
> Start DBeaver UI Editors - Base [org.jkiss.dbeaver.ui.editors.base 1.0.103.202304091457]
2023-04-22 08:28:46.958 - Starting RMI server at 31206
2023-04-22 08:28:46.992 - Run workbench
> Start DBeaver UI [org.jkiss.dbeaver.ui 5.1.118.202304091457]
> Start Eclipse e4 작업영역 SWT [org.eclipse.e4.ui.workbench.swt 0.16.700.v20221024-2137]
> Start Eclipse Application Services [org.eclipse.e4.core.services 2.3.400.v20220915-1347]
> Start Eclipse UI Application Services [org.eclipse.e4.ui.services 1.5.100.v20221024-2137]
> Start Eclipse e4 Progress View [org.eclipse.e4.ui.progress 0.3.600.v20221024-2137]
> Start EMF XML/XMI Persistence [org.eclipse.emf.ecore.xmi 2.17.0.v20220817-1334]
> Start Eclipse CSS SWT Theme Support [org.eclipse.e4.ui.css.swt.theme 0.13.200.v20221024-2137]
> Start Eclipse e4 작업영역 기능 추가 [org.eclipse.e4.ui.workbench.addons.swt 1.4.500.v20221028-0801]
> Start Eclipse e4 작업영역 SWT 렌더러 [org.eclipse.e4.ui.workbench.renderers.swt 0.15.700.v20221024-2137]
> Start Eclipse Bindings Support [org.eclipse.e4.ui.bindings 0.13.200.v20221024-2137]
> Start Eclipse Dependency Injection Extensions [org.eclipse.e4.core.di.extensions 0.17.200.v20220613-1008]
> Start Eclipse CSS SWT Support [org.eclipse.e4.ui.css.swt 0.14.700.v20221102-0748]
> Start Java Native Access [com.sun.jna 5.12.1.v20221103-2317]
Warning: NLS unused message: BlockedJobsDialog_UserInterfaceTreeElement in: org.eclipse.ui.internal.progress.messages
2023-04-22 08:28:48.068 - Configure workbench window
> Start 도움말 시스템 코어 [org.eclipse.help 3.9.100.v20210721-0601]
2023-04-22 08:28:48.150 - Create actions
2023-04-22 08:28:48.157 - Disable Eclipse action set 'org.eclipse.ui.edit.text.actionSet.annotationNavigation'
2023-04-22 08:28:48.158 - Disable Eclipse action set 'org.eclipse.ui.WorkingSetActionSet'
2023-04-22 08:28:48.159 - Disable Eclipse action set 'org.eclipse.ui.actionSet.openFiles'
2023-04-22 08:28:48.852 - Initialize workbench window
2023-04-22 08:28:48.855 - Finish initialization
> Start DBeaver UI Editors - Data [org.jkiss.dbeaver.ui.editors.data 1.0.103.202304091457]
> Start Equinox Java Authentication and Authorization Service (JAAS) [org.eclipse.equinox.security 1.3.1000.v20220801-1135]
> Start 인터넷 연결 관리 사용자 인터페이스 [org.eclipse.ui.net 1.4.100.v20220812-1406]
> Start Internet Connection Management [org.eclipse.core.net 1.4.0.v20220813-1037]
> Start Draw2d [org.eclipse.draw2dl 3.12.100.20230406122456]
> Start GEF3 GEF (MVC) [org.eclipse.gef3 3.12.100.20230406122456]
> Start DBeaver ERD UI [org.jkiss.dbeaver.erd.ui 3.0.63.202304091457]
> Start DBeaver ERD Model [org.jkiss.dbeaver.erd.model 1.0.63.202304091457]
> Start DBeaver SQL Model [org.jkiss.dbeaver.model.sql 1.0.93.202304091457]
Warning: NLS unused message: actions_navigator__objects in: org.jkiss.dbeaver.ui.editors.sql.internal.SQLEditorMessages
> Start DBeaver UI Editors - SQL [org.jkiss.dbeaver.ui.editors.sql 1.0.103.202304091457]
2023-04-22 08:28:49.396 - Total database drivers: 102 (102)
> Start 기본 문서 편집기 [org.eclipse.ui.editors 3.14.400.v20220730-1844]
> Start 텍스트 편집기 프레임워크 [org.eclipse.ui.workbench.texteditor 3.16.600.v20220809-1658]
> Start DBeaver Sample Database [org.jkiss.dbeaver.ext.sample.database 1.0.140.202304091457]
> Start DBeaver Tip of the day [org.jkiss.dbeaver.ext.ui.tipoftheday 1.0.109.202304091457]
> Start DBeaver UI Editors - Connections [org.jkiss.dbeaver.ui.editors.connection 1.0.94.202304091457]
2023-04-22 08:28:52.062 - Open [https://dbeaver.io/product/version.xml]
> Start DBeaver Oracle UI [org.jkiss.dbeaver.ext.oracle.ui 1.0.90.202304091457]
> Start DBeaver Oracle Support [org.jkiss.dbeaver.ext.oracle 2.1.188.202304091457]
2023-04-22 08:28:53.356 - Auth model 'native' was replaced by 'oracle_native'
2023-04-22 08:28:53.375 - Service 'org.jkiss.dbeaver.runtime.ui.UIServiceSecurity' not found
2023-04-22 08:29:02.753 - Connect with 'jdbc:oracle:thin:@//localhost:1521/XE' (oracle_thin-187a626550e-39d4d9e4814e852e)
2023-04-22 08:29:02.774 - Execution context opened (jdbc:oracle:thin:@//localhost:1521/XE; Main; 0)
2023-04-22 08:29:02.873 - Open [https://repo1.maven.org/maven2/com/oracle/database/jdbc/ojdbc8/12.2.0.1/ojdbc8-12.2.0.1.pom]
2023-04-22 08:29:03.481 - Open [https://repo1.maven.org/maven2/com/oracle/database/jdbc/ucp/12.2.0.1/ucp-12.2.0.1.pom]
2023-04-22 08:29:03.641 - Open [https://repo1.maven.org/maven2/com/oracle/database/security/oraclepki/12.2.0.1/oraclepki-12.2.0.1.pom]
2023-04-22 08:29:03.795 - Open [https://repo1.maven.org/maven2/com/oracle/database/security/osdt_cert/12.2.0.1/osdt_cert-12.2.0.1.pom]
2023-04-22 08:29:03.950 - Open [https://repo1.maven.org/maven2/com/oracle/database/security/osdt_core/12.2.0.1/osdt_core-12.2.0.1.pom]
2023-04-22 08:29:04.104 - Open [https://repo1.maven.org/maven2/com/oracle/database/ha/simplefan/12.2.0.1/simplefan-12.2.0.1.pom]
2023-04-22 08:29:04.256 - Open [https://repo1.maven.org/maven2/com/oracle/database/ha/ons/12.2.0.1/ons-12.2.0.1.pom]
2023-04-22 08:29:04.410 - Open [https://repo1.maven.org/maven2/com/oracle/database/nls/orai18n/12.2.0.1/orai18n-12.2.0.1.pom]
2023-04-22 08:29:04.564 - Open [https://repo1.maven.org/maven2/com/oracle/database/xml/xdb6/12.2.0.1/xdb6-12.2.0.1.pom]
2023-04-22 08:29:04.719 - Open [https://repo1.maven.org/maven2/com/oracle/database/xml/xmlparserv2/12.2.0.1/xmlparserv2-12.2.0.1.pom]
2023-04-22 08:29:05.979 - Open [https://repo1.maven.org/maven2/com/oracle/database/jdbc/ojdbc8/12.2.0.1/ojdbc8-12.2.0.1.jar]
2023-04-22 08:29:07.096 - Open [https://repo1.maven.org/maven2/com/oracle/database/jdbc/ucp/12.2.0.1/ucp-12.2.0.1.jar]
2023-04-22 08:29:07.267 - Open [https://repo1.maven.org/maven2/com/oracle/database/security/oraclepki/12.2.0.1/oraclepki-12.2.0.1.jar]
2023-04-22 08:29:07.434 - Open [https://repo1.maven.org/maven2/com/oracle/database/security/osdt_cert/12.2.0.1/osdt_cert-12.2.0.1.jar]
2023-04-22 08:29:07.583 - Open [https://repo1.maven.org/maven2/com/oracle/database/security/osdt_core/12.2.0.1/osdt_core-12.2.0.1.jar]
2023-04-22 08:29:07.735 - Open [https://repo1.maven.org/maven2/com/oracle/database/ha/simplefan/12.2.0.1/simplefan-12.2.0.1.jar]
2023-04-22 08:29:07.878 - Open [https://repo1.maven.org/maven2/com/oracle/database/ha/ons/12.2.0.1/ons-12.2.0.1.jar]
2023-04-22 08:29:08.024 - Open [https://repo1.maven.org/maven2/com/oracle/database/nls/orai18n/12.2.0.1/orai18n-12.2.0.1.jar]
2023-04-22 08:29:08.208 - Open [https://repo1.maven.org/maven2/com/oracle/database/xml/xdb6/12.2.0.1/xdb6-12.2.0.1.jar]
2023-04-22 08:29:08.357 - Open [https://repo1.maven.org/maven2/com/oracle/database/xml/xmlparserv2/12.2.0.1/xmlparserv2-12.2.0.1.jar]
2023-04-22 08:29:09.008 - Connected (oracle_thin-187a626550e-39d4d9e4814e852e, Oracle JDBC driver [12.2.0.1.0])
2023-04-22 08:29:09.064 - Execution context closed (jdbc:oracle:thin:@//localhost:1521/XE, 0)
2023-04-22 08:29:09.064 - Disconnected (oracle_thin-187a626550e-39d4d9e4814e852e)
> Start 핵심 비교 지원 [org.eclipse.compare.core 3.7.100.v20220812-1406]
> Start 콘솔 [org.eclipse.ui.console 3.11.400.v20221012-0524]
Warning: NLS unused message: InputStreamMonitor_label in: org.eclipse.debug.internal.core.DebugCoreMessages
Warning: NLS unused message: OutputStreamMonitor_label in: org.eclipse.debug.internal.core.DebugCoreMessages
> Start 디버그 핵심 [org.eclipse.debug.core 3.20.0.v20220811-0741]
2023-04-22 08:29:19.461 - Connect with 'localhost' (oracle_thin-187a626300d-6fd78a72f2283dd3)
2023-04-22 08:29:19.461 - Execution context opened (localhost; Main; 1)
2023-04-22 08:29:19.490 - Execution context opened (localhost; Metadata; 2)
2023-04-22 08:29:19.521 - Connected (oracle_thin-187a626300d-6fd78a72f2283dd3, Oracle JDBC driver [12.2.0.1.0])
2023-04-22 08:29:19.537 - Execution context opened (localhost; SQLEditor <Script.sql>; 3)
2023-04-22 08:30:30.899 - Auth model 'native' was replaced by 'oracle_native'
2023-04-22 08:30:30.911 - Service 'org.jkiss.dbeaver.runtime.ui.UIServiceSecurity' not found
2023-04-22 08:30:51.807 - Connect with 'jdbc:oracle:thin:@//localhost:1521/XE' (oracle_thin-187a627ff14-1cbc1453861d1826)
2023-04-22 08:30:51.808 - Execution context opened (jdbc:oracle:thin:@//localhost:1521/XE; Main; 4)
2023-04-22 08:30:51.838 - Connected (oracle_thin-187a627ff14-1cbc1453861d1826, Oracle JDBC driver [12.2.0.1.0])
2023-04-22 08:30:51.891 - Execution context closed (jdbc:oracle:thin:@//localhost:1521/XE, 4)
2023-04-22 08:30:51.891 - Disconnected (oracle_thin-187a627ff14-1cbc1453861d1826)
2023-04-22 08:30:56.846 - Auth model 'native' was replaced by 'oracle_native'
2023-04-22 08:30:56.857 - Service 'org.jkiss.dbeaver.runtime.ui.UIServiceSecurity' not found
2023-04-22 08:31:09.914 - Connect with 'jdbc:oracle:thin:@//localhost:1521/XE' (oracle_thin-187a62845cf-68c46ef22b630d0c)
2023-04-22 08:31:09.915 - Execution context opened (jdbc:oracle:thin:@//localhost:1521/XE; Main; 5)
2023-04-22 08:31:09.945 - Connected (oracle_thin-187a62845cf-68c46ef22b630d0c, Oracle JDBC driver [12.2.0.1.0])
2023-04-22 08:31:09.998 - Execution context closed (jdbc:oracle:thin:@//localhost:1521/XE, 5)
2023-04-22 08:31:09.998 - Disconnected (oracle_thin-187a62845cf-68c46ef22b630d0c)
2023-04-22 08:31:14.209 - Service 'org.jkiss.dbeaver.runtime.ui.UIServiceSecurity' not found
2023-04-22 08:31:22.740 - SQL Error [1920] [42000]: ORA-01920: user name 'DRON4GI' conflicts with another user or role name


Error position: line: 18 pos: 33
org.jkiss.dbeaver.model.sql.DBSQLException: SQL Error [1920] [42000]: ORA-01920: user name 'DRON4GI' conflicts with another user or role name

	at org.jkiss.dbeaver.model.impl.jdbc.exec.JDBCStatementImpl.executeStatement(JDBCStatementImpl.java:133)
	at org.jkiss.dbeaver.ui.editors.sql.execute.SQLQueryJob.executeStatement(SQLQueryJob.java:582)
	at org.jkiss.dbeaver.ui.editors.sql.execute.SQLQueryJob.lambda$1(SQLQueryJob.java:491)
	at org.jkiss.dbeaver.model.exec.DBExecUtils.tryExecuteRecover(DBExecUtils.java:189)
	at org.jkiss.dbeaver.ui.editors.sql.execute.SQLQueryJob.executeSingleQuery(SQLQueryJob.java:498)
	at org.jkiss.dbeaver.ui.editors.sql.execute.SQLQueryJob.extractData(SQLQueryJob.java:934)
	at org.jkiss.dbeaver.ui.editors.sql.SQLEditor$QueryResultsContainer.readData(SQLEditor.java:3864)
	at org.jkiss.dbeaver.ui.controls.resultset.ResultSetJobDataRead.lambda$0(ResultSetJobDataRead.java:123)
	at org.jkiss.dbeaver.model.exec.DBExecUtils.tryExecuteRecover(DBExecUtils.java:189)
	at org.jkiss.dbeaver.ui.controls.resultset.ResultSetJobDataRead.run(ResultSetJobDataRead.java:121)
	at org.jkiss.dbeaver.ui.controls.resultset.ResultSetViewer$ResultSetDataPumpJob.run(ResultSetViewer.java:5091)
	at org.jkiss.dbeaver.model.runtime.AbstractJob.run(AbstractJob.java:105)
	at org.eclipse.core.internal.jobs.Worker.run(Worker.java:63)
Caused by: java.sql.SQLSyntaxErrorException: ORA-01920: user name 'DRON4GI' conflicts with another user or role name

	at oracle.jdbc.driver.T4CTTIoer11.processError(T4CTTIoer11.java:494)
	at oracle.jdbc.driver.T4CTTIoer11.processError(T4CTTIoer11.java:446)
	at oracle.jdbc.driver.T4C8Oall.processError(T4C8Oall.java:1054)
	at oracle.jdbc.driver.T4CTTIfun.receive(T4CTTIfun.java:623)
	at oracle.jdbc.driver.T4CTTIfun.doRPC(T4CTTIfun.java:252)
	at oracle.jdbc.driver.T4C8Oall.doOALL(T4C8Oall.java:612)
	at oracle.jdbc.driver.T4CStatement.doOall8(T4CStatement.java:213)
	at oracle.jdbc.driver.T4CStatement.doOall8(T4CStatement.java:37)
	at oracle.jdbc.driver.T4CStatement.executeForRows(T4CStatement.java:896)
	at oracle.jdbc.driver.OracleStatement.doExecuteWithTimeout(OracleStatement.java:1119)
	at oracle.jdbc.driver.OracleStatement.executeInternal(OracleStatement.java:1737)
	at oracle.jdbc.driver.OracleStatement.execute(OracleStatement.java:1692)
	at oracle.jdbc.driver.OracleStatementWrapper.execute(OracleStatementWrapper.java:300)
	at org.jkiss.dbeaver.model.impl.jdbc.exec.JDBCStatementImpl.execute(JDBCStatementImpl.java:329)
	at org.jkiss.dbeaver.model.impl.jdbc.exec.JDBCStatementImpl.lambda$0(JDBCStatementImpl.java:131)
	at org.jkiss.dbeaver.utils.SecurityManagerUtils.wrapDriverActions(SecurityManagerUtils.java:96)
	at org.jkiss.dbeaver.model.impl.jdbc.exec.JDBCStatementImpl.executeStatement(JDBCStatementImpl.java:131)
	... 12 more
Caused by: Error : 1920, Position : 33, Sql = -- 사용자 추가
CREATE USER dron4gi IDENTIFIED BY java
DEFAULT tablespace TS_DBSQL
TEMPORARY tablespace temp
quota unlimited ON ts_DBSQL
quota 0m ON system, OriginalSql = -- 사용자 추가
CREATE USER dron4gi IDENTIFIED BY java
DEFAULT tablespace TS_DBSQL
TEMPORARY tablespace temp
quota unlimited ON ts_DBSQL
quota 0m ON system, Error Msg = ORA-01920: user name 'DRON4GI' conflicts with another user or role name

	at oracle.jdbc.driver.T4CTTIoer11.processError(T4CTTIoer11.java:498)
	... 28 more
2023-04-22 08:31:24.439 - SQL Error [1543] [72000]: ORA-01543: tablespace 'TS_DBSQL' already exists


Error position: line: 12
org.jkiss.dbeaver.model.sql.DBSQLException: SQL Error [1543] [72000]: ORA-01543: tablespace 'TS_DBSQL' already exists

	at org.jkiss.dbeaver.model.impl.jdbc.exec.JDBCStatementImpl.executeStatement(JDBCStatementImpl.java:133)
	at org.jkiss.dbeaver.ui.editors.sql.execute.SQLQueryJob.executeStatement(SQLQueryJob.java:582)
	at org.jkiss.dbeaver.ui.editors.sql.execute.SQLQueryJob.lambda$1(SQLQueryJob.java:491)
	at org.jkiss.dbeaver.model.exec.DBExecUtils.tryExecuteRecover(DBExecUtils.java:189)
	at org.jkiss.dbeaver.ui.editors.sql.execute.SQLQueryJob.executeSingleQuery(SQLQueryJob.java:498)
	at org.jkiss.dbeaver.ui.editors.sql.execute.SQLQueryJob.extractData(SQLQueryJob.java:934)
	at org.jkiss.dbeaver.ui.editors.sql.SQLEditor$QueryResultsContainer.readData(SQLEditor.java:3864)
	at org.jkiss.dbeaver.ui.controls.resultset.ResultSetJobDataRead.lambda$0(ResultSetJobDataRead.java:123)
	at org.jkiss.dbeaver.model.exec.DBExecUtils.tryExecuteRecover(DBExecUtils.java:189)
	at org.jkiss.dbeaver.ui.controls.resultset.ResultSetJobDataRead.run(ResultSetJobDataRead.java:121)
	at org.jkiss.dbeaver.ui.controls.resultset.ResultSetViewer$ResultSetDataPumpJob.run(ResultSetViewer.java:5091)
	at org.jkiss.dbeaver.model.runtime.AbstractJob.run(AbstractJob.java:105)
	at org.eclipse.core.internal.jobs.Worker.run(Worker.java:63)
Caused by: java.sql.SQLException: ORA-01543: tablespace 'TS_DBSQL' already exists

	at oracle.jdbc.driver.T4CTTIoer11.processError(T4CTTIoer11.java:494)
	at oracle.jdbc.driver.T4CTTIoer11.processError(T4CTTIoer11.java:446)
	at oracle.jdbc.driver.T4C8Oall.processError(T4C8Oall.java:1054)
	at oracle.jdbc.driver.T4CTTIfun.receive(T4CTTIfun.java:623)
	at oracle.jdbc.driver.T4CTTIfun.doRPC(T4CTTIfun.java:252)
	at oracle.jdbc.driver.T4C8Oall.doOALL(T4C8Oall.java:612)
	at oracle.jdbc.driver.T4CStatement.doOall8(T4CStatement.java:213)
	at oracle.jdbc.driver.T4CStatement.doOall8(T4CStatement.java:37)
	at oracle.jdbc.driver.T4CStatement.executeForRows(T4CStatement.java:896)
	at oracle.jdbc.driver.OracleStatement.doExecuteWithTimeout(OracleStatement.java:1119)
	at oracle.jdbc.driver.OracleStatement.executeInternal(OracleStatement.java:1737)
	at oracle.jdbc.driver.OracleStatement.execute(OracleStatement.java:1692)
	at oracle.jdbc.driver.OracleStatementWrapper.execute(OracleStatementWrapper.java:300)
	at org.jkiss.dbeaver.model.impl.jdbc.exec.JDBCStatementImpl.execute(JDBCStatementImpl.java:329)
	at org.jkiss.dbeaver.model.impl.jdbc.exec.JDBCStatementImpl.lambda$0(JDBCStatementImpl.java:131)
	at org.jkiss.dbeaver.utils.SecurityManagerUtils.wrapDriverActions(SecurityManagerUtils.java:96)
	at org.jkiss.dbeaver.model.impl.jdbc.exec.JDBCStatementImpl.executeStatement(JDBCStatementImpl.java:131)
	... 12 more
Caused by: Error : 1543, Position : 0, Sql = CREATE TABLESPACE TS_DBSQL
DATAFILE 'C:\oraclexe\app\oracle\oradata\XE\TS_DBSQL.DBF'
SIZE 100M
AUTOEXTEND ON, OriginalSql = CREATE TABLESPACE TS_DBSQL
DATAFILE 'C:\oraclexe\app\oracle\oradata\XE\TS_DBSQL.DBF'
SIZE 100M
AUTOEXTEND ON, Error Msg = ORA-01543: tablespace 'TS_DBSQL' already exists

	at oracle.jdbc.driver.T4CTTIoer11.processError(T4CTTIoer11.java:498)
	... 28 more
2023-04-22 08:31:41.482 - Execution context closed (localhost, 3)
2023-04-22 08:31:43.087 - Connect with 'dron4gi' (oracle_thin-187a6281290-14254d225c547f6f)
2023-04-22 08:31:43.088 - Execution context opened (dron4gi; Main; 6)
2023-04-22 08:31:43.112 - Execution context opened (dron4gi; Metadata; 7)
2023-04-22 08:31:43.140 - Connected (oracle_thin-187a6281290-14254d225c547f6f, Oracle JDBC driver [12.2.0.1.0])
2023-04-22 08:31:43.155 - Execution context opened (dron4gi; SQLEditor <Script-1.sql>; 8)
2023-04-22 08:32:50.831 - SQL Error [900] [42000]: ORA-00900: invalid SQL statement

org.jkiss.dbeaver.model.sql.DBSQLException: SQL Error [900] [42000]: ORA-00900: invalid SQL statement

	at org.jkiss.dbeaver.model.impl.jdbc.exec.JDBCStatementImpl.executeStatement(JDBCStatementImpl.java:133)
	at org.jkiss.dbeaver.ui.editors.sql.execute.SQLQueryJob.executeStatement(SQLQueryJob.java:582)
	at org.jkiss.dbeaver.ui.editors.sql.execute.SQLQueryJob.lambda$1(SQLQueryJob.java:491)
	at org.jkiss.dbeaver.model.exec.DBExecUtils.tryExecuteRecover(DBExecUtils.java:189)
	at org.jkiss.dbeaver.ui.editors.sql.execute.SQLQueryJob.executeSingleQuery(SQLQueryJob.java:498)
	at org.jkiss.dbeaver.ui.editors.sql.execute.SQLQueryJob.extractData(SQLQueryJob.java:934)
	at org.jkiss.dbeaver.ui.editors.sql.SQLEditor$QueryResultsContainer.readData(SQLEditor.java:3864)
	at org.jkiss.dbeaver.ui.controls.resultset.ResultSetJobDataRead.lambda$0(ResultSetJobDataRead.java:123)
	at org.jkiss.dbeaver.model.exec.DBExecUtils.tryExecuteRecover(DBExecUtils.java:189)
	at org.jkiss.dbeaver.ui.controls.resultset.ResultSetJobDataRead.run(ResultSetJobDataRead.java:121)
	at org.jkiss.dbeaver.ui.controls.resultset.ResultSetViewer$ResultSetDataPumpJob.run(ResultSetViewer.java:5091)
	at org.jkiss.dbeaver.model.runtime.AbstractJob.run(AbstractJob.java:105)
	at org.eclipse.core.internal.jobs.Worker.run(Worker.java:63)
Caused by: java.sql.SQLSyntaxErrorException: ORA-00900: invalid SQL statement

	at oracle.jdbc.driver.T4CTTIoer11.processError(T4CTTIoer11.java:494)
	at oracle.jdbc.driver.T4CTTIoer11.processError(T4CTTIoer11.java:446)
	at oracle.jdbc.driver.T4C8Oall.processError(T4C8Oall.java:1054)
	at oracle.jdbc.driver.T4CTTIfun.receive(T4CTTIfun.java:623)
	at oracle.jdbc.driver.T4CTTIfun.doRPC(T4CTTIfun.java:252)
	at oracle.jdbc.driver.T4C8Oall.doOALL(T4C8Oall.java:612)
	at oracle.jdbc.driver.T4CStatement.doOall8(T4CStatement.java:213)
	at oracle.jdbc.driver.T4CStatement.doOall8(T4CStatement.java:37)
	at oracle.jdbc.driver.T4CStatement.executeForRows(T4CStatement.java:896)
	at oracle.jdbc.driver.OracleStatement.doExecuteWithTimeout(OracleStatement.java:1119)
	at oracle.jdbc.driver.OracleStatement.executeInternal(OracleStatement.java:1737)
	at oracle.jdbc.driver.OracleStatement.execute(OracleStatement.java:1692)
	at oracle.jdbc.driver.OracleStatementWrapper.execute(OracleStatementWrapper.java:300)
	at org.jkiss.dbeaver.model.impl.jdbc.exec.JDBCStatementImpl.execute(JDBCStatementImpl.java:329)
	at org.jkiss.dbeaver.model.impl.jdbc.exec.JDBCStatementImpl.lambda$0(JDBCStatementImpl.java:131)
	at org.jkiss.dbeaver.utils.SecurityManagerUtils.wrapDriverActions(SecurityManagerUtils.java:96)
	at org.jkiss.dbeaver.model.impl.jdbc.exec.JDBCStatementImpl.executeStatement(JDBCStatementImpl.java:131)
	... 12 more
Caused by: Error : 900, Position : 0, Sql = CONSTRAINT fk_dept_h_to_dept_h FOREIGN KEY
    (p_deptcd) REFERENCES  dept_h (deptcd) 
), OriginalSql = CONSTRAINT fk_dept_h_to_dept_h FOREIGN KEY
    (p_deptcd) REFERENCES  dept_h (deptcd) 
), Error Msg = ORA-00900: invalid SQL statement

	at oracle.jdbc.driver.T4CTTIoer11.processError(T4CTTIoer11.java:498)
	... 28 more
2023-04-22 08:33:24.383 - SQL Error [922] [42000]: ORA-00922: missing or invalid option


Error position: line: 105 pos: 4
org.jkiss.dbeaver.model.sql.DBSQLException: SQL Error [922] [42000]: ORA-00922: missing or invalid option

	at org.jkiss.dbeaver.model.impl.jdbc.exec.JDBCStatementImpl.executeStatement(JDBCStatementImpl.java:133)
	at org.jkiss.dbeaver.ui.editors.sql.execute.SQLQueryJob.executeStatement(SQLQueryJob.java:582)
	at org.jkiss.dbeaver.ui.editors.sql.execute.SQLQueryJob.lambda$1(SQLQueryJob.java:491)
	at org.jkiss.dbeaver.model.exec.DBExecUtils.tryExecuteRecover(DBExecUtils.java:189)
	at org.jkiss.dbeaver.ui.editors.sql.execute.SQLQueryJob.executeSingleQuery(SQLQueryJob.java:498)
	at org.jkiss.dbeaver.ui.editors.sql.execute.SQLQueryJob.extractData(SQLQueryJob.java:934)
	at org.jkiss.dbeaver.ui.editors.sql.SQLEditor$QueryResultsContainer.readData(SQLEditor.java:3864)
	at org.jkiss.dbeaver.ui.controls.resultset.ResultSetJobDataRead.lambda$0(ResultSetJobDataRead.java:123)
	at org.jkiss.dbeaver.model.exec.DBExecUtils.tryExecuteRecover(DBExecUtils.java:189)
	at org.jkiss.dbeaver.ui.controls.resultset.ResultSetJobDataRead.run(ResultSetJobDataRead.java:121)
	at org.jkiss.dbeaver.ui.controls.resultset.ResultSetViewer$ResultSetDataPumpJob.run(ResultSetViewer.java:5091)
	at org.jkiss.dbeaver.model.runtime.AbstractJob.run(AbstractJob.java:105)
	at org.eclipse.core.internal.jobs.Worker.run(Worker.java:63)
Caused by: java.sql.SQLSyntaxErrorException: ORA-00922: missing or invalid option

	at oracle.jdbc.driver.T4CTTIoer11.processError(T4CTTIoer11.java:494)
	at oracle.jdbc.driver.T4CTTIoer11.processError(T4CTTIoer11.java:446)
	at oracle.jdbc.driver.T4C8Oall.processError(T4C8Oall.java:1054)
	at oracle.jdbc.driver.T4CTTIfun.receive(T4CTTIfun.java:623)
	at oracle.jdbc.driver.T4CTTIfun.doRPC(T4CTTIfun.java:252)
	at oracle.jdbc.driver.T4C8Oall.doOALL(T4C8Oall.java:612)
	at oracle.jdbc.driver.T4CStatement.doOall8(T4CStatement.java:213)
	at oracle.jdbc.driver.T4CStatement.doOall8(T4CStatement.java:37)
	at oracle.jdbc.driver.T4CStatement.executeForRows(T4CStatement.java:896)
	at oracle.jdbc.driver.OracleStatement.doExecuteWithTimeout(OracleStatement.java:1119)
	at oracle.jdbc.driver.OracleStatement.executeInternal(OracleStatement.java:1737)
	at oracle.jdbc.driver.OracleStatement.execute(OracleStatement.java:1692)
	at oracle.jdbc.driver.OracleStatementWrapper.execute(OracleStatementWrapper.java:300)
	at org.jkiss.dbeaver.model.impl.jdbc.exec.JDBCStatementImpl.execute(JDBCStatementImpl.java:329)
	at org.jkiss.dbeaver.model.impl.jdbc.exec.JDBCStatementImpl.lambda$0(JDBCStatementImpl.java:131)
	at org.jkiss.dbeaver.utils.SecurityManagerUtils.wrapDriverActions(SecurityManagerUtils.java:96)
	at org.jkiss.dbeaver.model.impl.jdbc.exec.JDBCStatementImpl.executeStatement(JDBCStatementImpl.java:131)
	... 12 more
Caused by: Error : 922, Position : 4, Sql = SET TERMOUT ON
PROMPT Demonstration table build is complete.
, OriginalSql = SET TERMOUT ON
PROMPT Demonstration table build is complete.
, Error Msg = ORA-00922: missing or invalid option

	at oracle.jdbc.driver.T4CTTIoer11.processError(T4CTTIoer11.java:498)
	... 28 more
2023-04-22 08:33:54.735 - Execution context closed (dron4gi, 8)
2023-04-22 08:33:54.930 - DBeaver is stopping
2023-04-22 08:33:54.931 - Stop RMI server
2023-04-22 08:33:54.934 - RMI controller has been stopped
2023-04-22 08:33:54.934 - DBeaver shutdown completed
